<?xml version="1.0" encoding="UTF-8"?>
<!-- Generated by org.testng.reporters.JUnitXMLReporter -->
<testsuite hostname="DESKTOP-J0GCRCT" ignored="1" name="Default test" tests="3" failures="0" timestamp="17 Feb 2023 05:22:51 GMT" time="25.744" errors="0">
  <testcase name="tc1" time="0.463" classname="org.testing.Test1"/>
  <testcase name="tc1" time="0.436" classname="org.testing.Test1"/>
  <testcase name="tc2" time="0.439" classname="org.testing.Test1"/>
  <testcase name="tc3" time="0.0" classname="org.testing.Test1">
    <ignored/>
  </testcase> <!-- tc3 -->
</testsuite> <!-- Default test -->
